<?xml version="1.0" encoding="UTF-8"?>
<testsuite xmlns:xsi="http://www.w3.org/2001/XMLSchema-instance" xsi:noNamespaceSchemaLocation="https://maven.apache.org/surefire/maven-surefire-plugin/xsd/surefire-test-report.xsd" name="tests.headerMenu.HeaderMenuTest" time="22.696" tests="7" errors="0" skipped="0" failures="2">
  <properties>
[...]
</properties>
  <testcase name="changingColorCompanyItemOnMouseover" classname="tests.headerMenu.HeaderMenuTest" time="13.536">
    <failure message="expected: &lt;rgb(255, 128, 14)&gt; but was: &lt;rgb(255, 255, 255)&gt;" type="org.opentest4j.AssertionFailedError"><![CDATA[org.opentest4j.AssertionFailedError: expected: <rgb(255, 128, 14)> but was: <rgb(255, 255, 255)>
	at tests.headerMenu.HeaderMenuTest.changingColorCompanyItemOnMouseover(HeaderMenuTest.java:93)
]]></failure>
    <system-out><![CDATA[&amp#27;[35m19:32:14.009&amp#27;[0;39m &amp#27;[33mINFO&amp#27;[0;39m &amp#27;[36mt.b.BaseTest&amp#27;[0;39m START TIME - 19:32:14.007882
&amp#27;[35m19:32:14.010&amp#27;[0;39m &amp#27;[33mINFO&amp#27;[0;39m &amp#27;[36mt.b.BaseTest&amp#27;[0;39m Clear reports directory build/reports/ ...
&amp#27;[35m19:32:14.092&amp#27;[0;39m &amp#27;[33mINFO&amp#27;[0;39m &amp#27;[36mc.c.s.i.WebDriverThreadLocalContainer&amp#27;[0;39m No webdriver is bound to current thread: 1 - let's create a new webdriver
&amp#27;[35m19:32:14.109&amp#27;[0;39m &amp#27;[33mINFO&amp#27;[0;39m &amp#27;[36mi.g.b.w.WebDriverManager&amp#27;[0;39m Please answer the following questionnaire based on your experience with WebDriverManager. Thanks a lot!
&amp#27;[35m19:32:14.109&amp#27;[0;39m &amp#27;[33mINFO&amp#27;[0;39m &amp#27;[36mi.g.b.w.WebDriverManager&amp#27;[0;39m ====> http://tiny.cc/wdm-survey <====
&amp#27;[35m19:32:14.248&amp#27;[0;39m &amp#27;[33mINFO&amp#27;[0;39m &amp#27;[36mi.g.b.w.WebDriverManager&amp#27;[0;39m Using geckodriver 0.31.0 (since Firefox 99 is installed in your machine)
&amp#27;[35m19:32:14.257&amp#27;[0;39m &amp#27;[33mINFO&amp#27;[0;39m &amp#27;[36mi.g.b.w.WebDriverManager&amp#27;[0;39m Exporting webdriver.gecko.driver as /Users/serhii_shkurenko/.m2/repository/webdriver/geckodriver/macos-aarch64/0.31.0/geckodriver
&amp#27;[35m19:32:22.334&amp#27;[0;39m &amp#27;[33mINFO&amp#27;[0;39m &amp#27;[36mc.c.s.w.WebDriverFactory&amp#27;[0;39m BrowserName=firefox Version=99.0.1 Platform=MAC
&amp#27;[35m19:32:22.335&amp#27;[0;39m &amp#27;[33mINFO&amp#27;[0;39m &amp#27;[36mc.c.s.w.WebDriverFactory&amp#27;[0;39m Selenide v. 5.12.1
&amp#27;[35m19:32:22.336&amp#27;[0;39m &amp#27;[33mINFO&amp#27;[0;39m &amp#27;[36mc.c.s.w.WebDriverFactory&amp#27;[0;39m Selenium WebDriver v. 3.141.59 build time: 2018-11-14T08:17:03
&amp#27;[35m19:32:22.337&amp#27;[0;39m &amp#27;[33mINFO&amp#27;[0;39m &amp#27;[36mc.c.s.d.CreateDriverCommand&amp#27;[0;39m Create webdriver in current thread 1: FirefoxDriver -> FirefoxDriver: firefox on MAC (d41c6b06-897e-4eee-9d73-afdec93bbb6e)
&amp#27;[35m19:32:25.789&amp#27;[0;39m &amp#27;[33mINFO&amp#27;[0;39m &amp#27;[36mc.Listener&amp#27;[0;39m Test changingColorCompanyItemOnMouseover - FAILED!
&amp#27;[35m19:32:25.792&amp#27;[0;39m &amp#27;[33mINFO&amp#27;[0;39m &amp#27;[36mc.Listener&amp#27;[0;39m Trying to tace screenshot...
]]></system-out>
    <system-err><![CDATA[Jul 21, 2022 7:32:21 PM org.openqa.selenium.remote.ProtocolHandshake createSession
INFO: Detected dialect: W3C
]]></system-err>
  </testcase>
  <testcase name="changingColorNewsItemOnMouseover" classname="tests.headerMenu.HeaderMenuTest" time="1.617"/>
  <testcase name="changingColorOnMouseover" classname="tests.headerMenu.HeaderMenuTest" time="1.464"/>
  <testcase name="changingColorContactItemOnMouseover" classname="tests.headerMenu.HeaderMenuTest" time="1.318"/>
  <testcase name="changingColorProductsItemOnMouseover" classname="tests.headerMenu.HeaderMenuTest" time="2.223">
    <failure message="expected: &lt;rgb(255, 128, 14)&gt; but was: &lt;rgb(255, 255, 255)&gt;" type="org.opentest4j.AssertionFailedError"><![CDATA[org.opentest4j.AssertionFailedError: expected: <rgb(255, 128, 14)> but was: <rgb(255, 255, 255)>
	at tests.headerMenu.HeaderMenuTest.changingColorProductsItemOnMouseover(HeaderMenuTest.java:59)
]]></failure>
    <system-out><![CDATA[&amp#27;[35m19:32:33.267&amp#27;[0;39m &amp#27;[33mINFO&amp#27;[0;39m &amp#27;[36mc.Listener&amp#27;[0;39m Test changingColorProductsItemOnMouseover - FAILED!
&amp#27;[35m19:32:33.267&amp#27;[0;39m &amp#27;[33mINFO&amp#27;[0;39m &amp#27;[36mc.Listener&amp#27;[0;39m Trying to tace screenshot...
]]></system-out>
  </testcase>
  <testcase name="changingColorHomeItemOnMouseover" classname="tests.headerMenu.HeaderMenuTest" time="1.208"/>
  <testcase name="changingColorClientHubItemOnMouseover" classname="tests.headerMenu.HeaderMenuTest" time="1.203"/>
</testsuite>