-------------------------------------------------------------------------------
Test set: tests.headerMenu.HeaderMenuTest
-------------------------------------------------------------------------------
Tests run: 7, Failures: 2, Errors: 0, Skipped: 0, Time elapsed: 22.878 s <<< FAILURE! - in tests.headerMenu.HeaderMenuTest
changingColorCompanyItemOnMouseover  Time elapsed: 13.719 s  <<< FAILURE!
org.opentest4j.AssertionFailedError: expected: <rgb(255, 128, 14)> but was: <rgb(255, 255, 255)>
	at tests.headerMenu.HeaderMenuTest.changingColorCompanyItemOnMouseover(HeaderMenuTest.java:93)

changingColorProductsItemOnMouseover  Time elapsed: 2.159 s  <<< FAILURE!
org.opentest4j.AssertionFailedError: expected: <rgb(255, 128, 14)> but was: <rgb(255, 255, 255)>
	at tests.headerMenu.HeaderMenuTest.changingColorProductsItemOnMouseover(HeaderMenuTest.java:59)

