-------------------------------------------------------------------------------
Test set: tests.bingo.BingoTest
-------------------------------------------------------------------------------
Tests run: 10, Failures: 1, Errors: 0, Skipped: 0, Time elapsed: 24.763 s <<< FAILURE! - in tests.bingo.BingoTest
checkingLinkToContainsReelsRoomName  Time elapsed: 2.897 s  <<< FAILURE!
org.opentest4j.AssertionFailedError: expected: <true> but was: <false>
	at tests.bingo.BingoTest.checkingLinkToContainsReelsRoomName(BingoTest.java:94)

