<?xml version="1.0" encoding="UTF-8"?>
<testsuite xmlns:xsi="http://www.w3.org/2001/XMLSchema-instance" xsi:noNamespaceSchemaLocation="https://maven.apache.org/surefire/maven-surefire-plugin/xsd/surefire-test-report.xsd" name="tests.bingo.BingoTest" time="24.763" tests="10" errors="0" skipped="0" failures="1">
  <properties>
[...]
</properties>
  <testcase name="checkingLinkToContainsCountryRoadsName" classname="tests.bingo.BingoTest" time="2.87"/>
  <testcase name="checkingLinkToContainsSnowballBlastName" classname="tests.bingo.BingoTest" time="2.404"/>
  <testcase name="checkingLinkToContainsBoomboxName" classname="tests.bingo.BingoTest" time="2.39"/>
  <testcase name="checkingLinkToContainsZoomRoomName" classname="tests.bingo.BingoTest" time="2.398"/>
  <testcase name="checkingLinkToContainsTheJackpotRoomName" classname="tests.bingo.BingoTest" time="2.369"/>
  <testcase name="checkingLinkToContainsSweetBonanzaBingoName" classname="tests.bingo.BingoTest" time="2.82"/>
  <testcase name="checkingLinkToContainsBingoBlastName" classname="tests.bingo.BingoTest" time="2.41"/>
  <testcase name="checkingLinkToContainsRockNSwingName" classname="tests.bingo.BingoTest" time="2.359"/>
  <testcase name="checkingLinkToContainsReelsRoomName" classname="tests.bingo.BingoTest" time="2.897">
    <failure message="expected: &lt;true&gt; but was: &lt;false&gt;" type="org.opentest4j.AssertionFailedError"><![CDATA[org.opentest4j.AssertionFailedError: expected: <true> but was: <false>
	at tests.bingo.BingoTest.checkingLinkToContainsReelsRoomName(BingoTest.java:94)
]]></failure>
    <system-out><![CDATA[&amp#27;[35m19:32:59.172&amp#27;[0;39m &amp#27;[33mINFO&amp#27;[0;39m &amp#27;[36mc.Listener&amp#27;[0;39m Test checkingLinkToContainsReelsRoomName - FAILED!
&amp#27;[35m19:32:59.172&amp#27;[0;39m &amp#27;[33mINFO&amp#27;[0;39m &amp#27;[36mc.Listener&amp#27;[0;39m Trying to tace screenshot...
]]></system-out>
  </testcase>
  <testcase name="availabilityBingoThemes" classname="tests.bingo.BingoTest" time="1.812"/>
</testsuite>